============================================================================================== 
Warning! Mixing Conda and module environments may lead to corruption of the
user environment. 
We do not recommend users mixing those two environments unless absolutely
necessary. Note that 
SURF does not provide any support for Conda environment.
For more information, please refer to our software policy page:
https://servicedesk.surf.nl/wiki/display/WIKI/Software+policy+Snellius#SoftwarepolicySnellius-UseofAnacondaandMinicondaenvironmentsonSnellius 

Remember that many packages have already been installed on the system and can
be loaded using 
the 'module load <package__name>' command. If you are uncertain if a package is
already available 
on the system, please use 'module avail' or 'module spider' to search for it.
============================================================================================== 
/home/scur1229/.conda/envs/nesymres/lib/python3.8/site-packages/pytorch_lightning/utilities/migration/migration.py:208: You have multiple `ModelCheckpoint` callback states in this checkpoint, but we found state keys that would end up colliding with each other after an upgrade, which means we can't differentiate which of your checkpoint callbacks needs which states. At least one of your `ModelCheckpoint` callbacks will not be able to reload the state.
Lightning automatically upgraded your loaded checkpoint from v1.3.3 to v2.4.0. To apply the upgrade to your files permanently, run `python -m pytorch_lightning.utilities.upgrade_checkpoint ../weights/100M.ckpt`
/gpfs/home4/scur1229/nesymres/src/nesymres/architectures/model.py:203: UserWarning: To copy construct from a tensor, it is recommended to use sourceTensor.clone().detach() or sourceTensor.clone().detach().requires_grad_(True), rather than torch.tensor(sourceTensor).
  X = torch.tensor(X,device=self.device).unsqueeze(0)
/gpfs/home4/scur1229/nesymres/src/nesymres/architectures/model.py:207: UserWarning: To copy construct from a tensor, it is recommended to use sourceTensor.clone().detach() or sourceTensor.clone().detach().requires_grad_(True), rather than torch.tensor(sourceTensor).
  y = torch.tensor(y,device=self.device).unsqueeze(0)
/home/scur1229/.conda/envs/nesymres/lib/python3.8/site-packages/torch/nn/functional.py:5193: UserWarning: Support for mismatched key_padding_mask and attn_mask is deprecated. Use same type for both instead.
  warnings.warn(
X shape:  torch.Size([500, 3])
y shape:  torch.Size([500])
Memory footprint of the encoder: 0.0001024GB 

Constructing BFGS loss...
Flag idx remove ON, Removing indeces with high values...
checking input values range...
Loss constructed, starting new BFGS optmization...
Constructing BFGS loss...
Flag idx remove ON, Removing indeces with high values...
checking input values range...
Loss constructed, starting new BFGS optmization...
Constructing BFGS loss...
Flag idx remove ON, Removing indeces with high values...
checking input values range...
Loss constructed, starting new BFGS optmization...
Constructing BFGS loss...
Flag idx remove ON, Removing indeces with high values...
checking input values range...
Loss constructed, starting new BFGS optmization...
Constructing BFGS loss...
Flag idx remove ON, Removing indeces with high values...
checking input values range...
Loss constructed, starting new BFGS optmization...
Memory footprint of the encoder: 0.0002048GB 

Constructing BFGS loss...
Flag idx remove ON, Removing indeces with high values...
checking input values range...
Loss constructed, starting new BFGS optmization...
Constructing BFGS loss...
Flag idx remove ON, Removing indeces with high values...
checking input values range...
Loss constructed, starting new BFGS optmization...
Constructing BFGS loss...
Flag idx remove ON, Removing indeces with high values...
checking input values range...
Loss constructed, starting new BFGS optmization...
Constructing BFGS loss...
Flag idx remove ON, Removing indeces with high values...
checking input values range...
Loss constructed, starting new BFGS optmization...
Constructing BFGS loss...
Flag idx remove ON, Removing indeces with high values...
checking input values range...
Loss constructed, starting new BFGS optmization...
Constructing BFGS loss...
Flag idx remove ON, Removing indeces with high values...
checking input values range...
Loss constructed, starting new BFGS optmization...
Constructing BFGS loss...
Flag idx remove ON, Removing indeces with high values...
checking input values range...
Loss constructed, starting new BFGS optmization...
Constructing BFGS loss...
Flag idx remove ON, Removing indeces with high values...
checking input values range...
Loss constructed, starting new BFGS optmization...
Constructing BFGS loss...
Flag idx remove ON, Removing indeces with high values...
checking input values range...
Loss constructed, starting new BFGS optmization...
Constructing BFGS loss...
Flag idx remove ON, Removing indeces with high values...
checking input values range...
Loss constructed, starting new BFGS optmization...
Memory footprint of the encoder: 6.144e-05GB 

Constructing BFGS loss...
Flag idx remove ON, Removing indeces with high values...
checking input values range...
Loss constructed, starting new BFGS optmization...
Constructing BFGS loss...
Flag idx remove ON, Removing indeces with high values...
checking input values range...
Loss constructed, starting new BFGS optmization...
Constructing BFGS loss...
Flag idx remove ON, Removing indeces with high values...
checking input values range...
Loss constructed, starting new BFGS optmization...
[{'config': {'beam_size': 5, 'length_penalty': 1.0, 'max_len': 100}, 'output': {'all_bfgs_preds': ['(((x_1)*(sin(x_1)))+(cos(x_2)))', 'x_1*cos(x_1 - 1.57079631982818) + cos(x_2)', '((x_1)*((((x_1)**(-1))*(cos(x_2)))+(sin(x_1))))', '1.00000000425385*x_1*sin(x_1) + cos(x_2)', 'x_1*sin(x_1) + 0.999999998773196*cos(x_2)'], 'all_bfgs_loss': [0.0, 1.0683136e-12, 3.2617402e-14, 0.0, 0.0], 'best_bfgs_preds': ['(((x_1)*(sin(x_1)))+(cos(x_2)))'], 'best_bfgs_loss': [0.0]}}, {'config': {'beam_size': 10, 'length_penalty': 0.8, 'max_len': 150}, 'output': {'all_bfgs_preds': ['(((x_1)*(sin(x_1)))+(cos(x_2)))', 'x_1*cos(x_1 + 4.71238898698432) + cos(x_2)', '((x_1)*((((x_1)**(-1))*(cos(x_2)))+(sin(x_1))))', '1.00000000422293*x_1*sin(x_1) + cos(x_2)', 'x_1*sin(x_1) + 0.999999981463307*cos(x_2)', 'x_1*sin(x_1) + cos(x_2 - 2.90710107488177e-9)', 'x_1*sin(x_1 + 6.59976248469221e-9) + cos(x_2)', 'x_1*sin(x_1) + cos(1.00000000185575*x_2)', '(x_1 + 2.44094850408716e-9)*sin(x_1) + cos(x_2)', '(((x_1)*(sin(x_1)))+(sin(cos(x_2))))'], 'all_bfgs_loss': [0.0, 1.9502539e-14, 3.2617402e-14, 0.0, 0.0, 0.0, 0.0, 0.0, 0.0, 0.008226127], 'best_bfgs_preds': ['(((x_1)*(sin(x_1)))+(cos(x_2)))'], 'best_bfgs_loss': [0.0]}}, {'config': {'beam_size': 3, 'length_penalty': 1.2, 'max_len': 80}, 'output': {'all_bfgs_preds': ['(((x_1)*(sin(x_1)))+(cos(x_2)))', 'x_1*cos(x_1 - 1.57079632014763) + cos(x_2)', '1.0000000036538*x_1*sin(x_1) + cos(x_2)'], 'all_bfgs_loss': [0.0, 1.0683136e-12, 0.0], 'best_bfgs_preds': ['(((x_1)*(sin(x_1)))+(cos(x_2)))'], 'best_bfgs_loss': [0.0]}}]

JOB STATISTICS
==============
Job ID: 12588390
Cluster: snellius
User/Group: scur1229/scur1229
State: COMPLETED (exit code 0)
Nodes: 1
Cores per node: 18
CPU Utilized: 00:01:57
CPU Efficiency: 5.37% of 00:36:18 core-walltime
Job Wall-clock time: 00:02:01
Memory Utilized: 945.21 MB
Memory Efficiency: 0.77% of 120.00 GB (120.00 GB/node)
