============================================================================================== 
Warning! Mixing Conda and module environments may lead to corruption of the
user environment. 
We do not recommend users mixing those two environments unless absolutely
necessary. Note that 
SURF does not provide any support for Conda environment.
For more information, please refer to our software policy page:
https://servicedesk.surf.nl/wiki/display/WIKI/Software+policy+Snellius#SoftwarepolicySnellius-UseofAnacondaandMinicondaenvironmentsonSnellius 

Remember that many packages have already been installed on the system and can
be loaded using 
the 'module load <package__name>' command. If you are uncertain if a package is
already available 
on the system, please use 'module avail' or 'module spider' to search for it.
============================================================================================== 
Processing /gpfs/home4/scur1229/nesymres/src
  Preparing metadata (setup.py): started
  Preparing metadata (setup.py): finished with status 'done'
Requirement already satisfied: numpy in /home/scur1229/.conda/envs/nesymres/lib/python3.11/site-packages (from nesymres==0.1.1) (2.3.1)
Requirement already satisfied: sympy in /home/scur1229/.conda/envs/nesymres/lib/python3.11/site-packages (from nesymres==0.1.1) (1.14.0)
Requirement already satisfied: pandas in /home/scur1229/.conda/envs/nesymres/lib/python3.11/site-packages (from nesymres==0.1.1) (2.3.0)
Requirement already satisfied: click in /home/scur1229/.conda/envs/nesymres/lib/python3.11/site-packages (from nesymres==0.1.1) (8.2.1)
Requirement already satisfied: tqdm in /home/scur1229/.conda/envs/nesymres/lib/python3.11/site-packages (from nesymres==0.1.1) (4.67.1)
Requirement already satisfied: numexpr in /home/scur1229/.conda/envs/nesymres/lib/python3.11/site-packages (from nesymres==0.1.1) (2.11.0)
Requirement already satisfied: jsons in /home/scur1229/.conda/envs/nesymres/lib/python3.11/site-packages (from nesymres==0.1.1) (1.6.3)
Requirement already satisfied: h5py in /home/scur1229/.conda/envs/nesymres/lib/python3.11/site-packages (from nesymres==0.1.1) (3.14.0)
Requirement already satisfied: scipy in /home/scur1229/.conda/envs/nesymres/lib/python3.11/site-packages (from nesymres==0.1.1) (1.16.0)
Requirement already satisfied: dataclass_dict_convert in /home/scur1229/.conda/envs/nesymres/lib/python3.11/site-packages (from nesymres==0.1.1) (1.7.4)
Requirement already satisfied: hydra-core==1.0.0 in /home/scur1229/.conda/envs/nesymres/lib/python3.11/site-packages (from nesymres==0.1.1) (1.0.0)
Requirement already satisfied: ordered_set in /home/scur1229/.conda/envs/nesymres/lib/python3.11/site-packages (from nesymres==0.1.1) (4.1.0)
Requirement already satisfied: wandb in /home/scur1229/.conda/envs/nesymres/lib/python3.11/site-packages (from nesymres==0.1.1) (0.20.1)
Collecting torch (from nesymres==0.1.1)
  Downloading torch-2.7.1-cp311-cp311-manylinux_2_28_x86_64.whl.metadata (29 kB)
Collecting pytorch_lightning (from nesymres==0.1.1)
  Downloading pytorch_lightning-2.5.2-py3-none-any.whl.metadata (21 kB)
Requirement already satisfied: omegaconf>=2.0.1 in /home/scur1229/.conda/envs/nesymres/lib/python3.11/site-packages (from hydra-core==1.0.0->nesymres==0.1.1) (2.1.2)
Requirement already satisfied: antlr4-python3-runtime==4.8 in /home/scur1229/.conda/envs/nesymres/lib/python3.11/site-packages (from hydra-core==1.0.0->nesymres==0.1.1) (4.8)
Requirement already satisfied: PyYAML>=5.1.0 in /home/scur1229/.conda/envs/nesymres/lib/python3.11/site-packages (from omegaconf>=2.0.1->hydra-core==1.0.0->nesymres==0.1.1) (6.0.2)
Requirement already satisfied: python-dateutil in /home/scur1229/.conda/envs/nesymres/lib/python3.11/site-packages (from dataclass_dict_convert->nesymres==0.1.1) (2.9.0.post0)
Requirement already satisfied: stringcase in /home/scur1229/.conda/envs/nesymres/lib/python3.11/site-packages (from dataclass_dict_convert->nesymres==0.1.1) (1.2.0)
Requirement already satisfied: typish>=1.9.2 in /home/scur1229/.conda/envs/nesymres/lib/python3.11/site-packages (from jsons->nesymres==0.1.1) (1.9.3)
Requirement already satisfied: pytz>=2020.1 in /home/scur1229/.conda/envs/nesymres/lib/python3.11/site-packages (from pandas->nesymres==0.1.1) (2025.2)
Requirement already satisfied: tzdata>=2022.7 in /home/scur1229/.conda/envs/nesymres/lib/python3.11/site-packages (from pandas->nesymres==0.1.1) (2025.2)
Requirement already satisfied: six>=1.5 in /home/scur1229/.conda/envs/nesymres/lib/python3.11/site-packages (from python-dateutil->dataclass_dict_convert->nesymres==0.1.1) (1.17.0)
Collecting fsspec>=2022.5.0 (from fsspec[http]>=2022.5.0->pytorch_lightning->nesymres==0.1.1)
  Downloading fsspec-2025.5.1-py3-none-any.whl.metadata (11 kB)
Collecting torchmetrics>=0.7.0 (from pytorch_lightning->nesymres==0.1.1)
  Downloading torchmetrics-1.7.3-py3-none-any.whl.metadata (21 kB)
Requirement already satisfied: packaging>=20.0 in /home/scur1229/.conda/envs/nesymres/lib/python3.11/site-packages (from pytorch_lightning->nesymres==0.1.1) (25.0)
Requirement already satisfied: typing-extensions>=4.4.0 in /home/scur1229/.conda/envs/nesymres/lib/python3.11/site-packages (from pytorch_lightning->nesymres==0.1.1) (4.14.0)
Collecting lightning-utilities>=0.10.0 (from pytorch_lightning->nesymres==0.1.1)
  Downloading lightning_utilities-0.14.3-py3-none-any.whl.metadata (5.6 kB)
Collecting aiohttp!=4.0.0a0,!=4.0.0a1 (from fsspec[http]>=2022.5.0->pytorch_lightning->nesymres==0.1.1)
  Downloading aiohttp-3.12.13-cp311-cp311-manylinux_2_17_x86_64.manylinux2014_x86_64.whl.metadata (7.6 kB)
Collecting aiohappyeyeballs>=2.5.0 (from aiohttp!=4.0.0a0,!=4.0.0a1->fsspec[http]>=2022.5.0->pytorch_lightning->nesymres==0.1.1)
  Downloading aiohappyeyeballs-2.6.1-py3-none-any.whl.metadata (5.9 kB)
Collecting aiosignal>=1.1.2 (from aiohttp!=4.0.0a0,!=4.0.0a1->fsspec[http]>=2022.5.0->pytorch_lightning->nesymres==0.1.1)
  Downloading aiosignal-1.3.2-py2.py3-none-any.whl.metadata (3.8 kB)
Collecting attrs>=17.3.0 (from aiohttp!=4.0.0a0,!=4.0.0a1->fsspec[http]>=2022.5.0->pytorch_lightning->nesymres==0.1.1)
  Downloading attrs-25.3.0-py3-none-any.whl.metadata (10 kB)
Collecting frozenlist>=1.1.1 (from aiohttp!=4.0.0a0,!=4.0.0a1->fsspec[http]>=2022.5.0->pytorch_lightning->nesymres==0.1.1)
  Downloading frozenlist-1.7.0-cp311-cp311-manylinux_2_5_x86_64.manylinux1_x86_64.manylinux_2_17_x86_64.manylinux2014_x86_64.whl.metadata (18 kB)
Collecting multidict<7.0,>=4.5 (from aiohttp!=4.0.0a0,!=4.0.0a1->fsspec[http]>=2022.5.0->pytorch_lightning->nesymres==0.1.1)
  Downloading multidict-6.5.0-cp311-cp311-manylinux_2_17_x86_64.manylinux2014_x86_64.whl.metadata (5.3 kB)
Collecting propcache>=0.2.0 (from aiohttp!=4.0.0a0,!=4.0.0a1->fsspec[http]>=2022.5.0->pytorch_lightning->nesymres==0.1.1)
  Downloading propcache-0.3.2-cp311-cp311-manylinux_2_17_x86_64.manylinux2014_x86_64.whl.metadata (12 kB)
Collecting yarl<2.0,>=1.17.0 (from aiohttp!=4.0.0a0,!=4.0.0a1->fsspec[http]>=2022.5.0->pytorch_lightning->nesymres==0.1.1)
  Downloading yarl-1.20.1-cp311-cp311-manylinux_2_17_x86_64.manylinux2014_x86_64.whl.metadata (73 kB)
Requirement already satisfied: idna>=2.0 in /home/scur1229/.conda/envs/nesymres/lib/python3.11/site-packages (from yarl<2.0,>=1.17.0->aiohttp!=4.0.0a0,!=4.0.0a1->fsspec[http]>=2022.5.0->pytorch_lightning->nesymres==0.1.1) (3.10)
Requirement already satisfied: setuptools in /home/scur1229/.conda/envs/nesymres/lib/python3.11/site-packages (from lightning-utilities>=0.10.0->pytorch_lightning->nesymres==0.1.1) (78.1.1)
Collecting filelock (from torch->nesymres==0.1.1)
  Downloading filelock-3.18.0-py3-none-any.whl.metadata (2.9 kB)
Collecting networkx (from torch->nesymres==0.1.1)
  Downloading networkx-3.5-py3-none-any.whl.metadata (6.3 kB)
Collecting jinja2 (from torch->nesymres==0.1.1)
  Downloading jinja2-3.1.6-py3-none-any.whl.metadata (2.9 kB)
Collecting nvidia-cuda-nvrtc-cu12==12.6.77 (from torch->nesymres==0.1.1)
  Downloading nvidia_cuda_nvrtc_cu12-12.6.77-py3-none-manylinux2014_x86_64.whl.metadata (1.5 kB)
Collecting nvidia-cuda-runtime-cu12==12.6.77 (from torch->nesymres==0.1.1)
  Downloading nvidia_cuda_runtime_cu12-12.6.77-py3-none-manylinux2014_x86_64.manylinux_2_17_x86_64.whl.metadata (1.5 kB)
Collecting nvidia-cuda-cupti-cu12==12.6.80 (from torch->nesymres==0.1.1)
  Downloading nvidia_cuda_cupti_cu12-12.6.80-py3-none-manylinux2014_x86_64.manylinux_2_17_x86_64.whl.metadata (1.6 kB)
Collecting nvidia-cudnn-cu12==9.5.1.17 (from torch->nesymres==0.1.1)
  Downloading nvidia_cudnn_cu12-9.5.1.17-py3-none-manylinux_2_28_x86_64.whl.metadata (1.6 kB)
Collecting nvidia-cublas-cu12==12.6.4.1 (from torch->nesymres==0.1.1)
  Downloading nvidia_cublas_cu12-12.6.4.1-py3-none-manylinux2014_x86_64.manylinux_2_17_x86_64.whl.metadata (1.5 kB)
Collecting nvidia-cufft-cu12==11.3.0.4 (from torch->nesymres==0.1.1)
  Downloading nvidia_cufft_cu12-11.3.0.4-py3-none-manylinux2014_x86_64.manylinux_2_17_x86_64.whl.metadata (1.5 kB)
Collecting nvidia-curand-cu12==10.3.7.77 (from torch->nesymres==0.1.1)
  Downloading nvidia_curand_cu12-10.3.7.77-py3-none-manylinux2014_x86_64.manylinux_2_17_x86_64.whl.metadata (1.5 kB)
Collecting nvidia-cusolver-cu12==11.7.1.2 (from torch->nesymres==0.1.1)
  Downloading nvidia_cusolver_cu12-11.7.1.2-py3-none-manylinux2014_x86_64.manylinux_2_17_x86_64.whl.metadata (1.6 kB)
Collecting nvidia-cusparse-cu12==12.5.4.2 (from torch->nesymres==0.1.1)
  Downloading nvidia_cusparse_cu12-12.5.4.2-py3-none-manylinux2014_x86_64.manylinux_2_17_x86_64.whl.metadata (1.6 kB)
Collecting nvidia-cusparselt-cu12==0.6.3 (from torch->nesymres==0.1.1)
  Downloading nvidia_cusparselt_cu12-0.6.3-py3-none-manylinux2014_x86_64.whl.metadata (6.8 kB)
Collecting nvidia-nccl-cu12==2.26.2 (from torch->nesymres==0.1.1)
  Downloading nvidia_nccl_cu12-2.26.2-py3-none-manylinux2014_x86_64.manylinux_2_17_x86_64.whl.metadata (2.0 kB)
Collecting nvidia-nvtx-cu12==12.6.77 (from torch->nesymres==0.1.1)
  Downloading nvidia_nvtx_cu12-12.6.77-py3-none-manylinux2014_x86_64.manylinux_2_17_x86_64.whl.metadata (1.6 kB)
Collecting nvidia-nvjitlink-cu12==12.6.85 (from torch->nesymres==0.1.1)
  Downloading nvidia_nvjitlink_cu12-12.6.85-py3-none-manylinux2010_x86_64.manylinux_2_12_x86_64.whl.metadata (1.5 kB)
Collecting nvidia-cufile-cu12==1.11.1.6 (from torch->nesymres==0.1.1)
  Downloading nvidia_cufile_cu12-1.11.1.6-py3-none-manylinux2014_x86_64.manylinux_2_17_x86_64.whl.metadata (1.5 kB)
Collecting triton==3.3.1 (from torch->nesymres==0.1.1)
  Downloading triton-3.3.1-cp311-cp311-manylinux_2_27_x86_64.manylinux_2_28_x86_64.whl.metadata (1.5 kB)
Requirement already satisfied: mpmath<1.4,>=1.1.0 in /home/scur1229/.conda/envs/nesymres/lib/python3.11/site-packages (from sympy->nesymres==0.1.1) (1.3.0)
Collecting MarkupSafe>=2.0 (from jinja2->torch->nesymres==0.1.1)
  Downloading MarkupSafe-3.0.2-cp311-cp311-manylinux_2_17_x86_64.manylinux2014_x86_64.whl.metadata (4.0 kB)
Requirement already satisfied: gitpython!=3.1.29,>=1.0.0 in /home/scur1229/.conda/envs/nesymres/lib/python3.11/site-packages (from wandb->nesymres==0.1.1) (3.1.44)
Requirement already satisfied: platformdirs in /home/scur1229/.conda/envs/nesymres/lib/python3.11/site-packages (from wandb->nesymres==0.1.1) (4.3.8)
Requirement already satisfied: protobuf!=4.21.0,!=5.28.0,<7,>=3.19.0 in /home/scur1229/.conda/envs/nesymres/lib/python3.11/site-packages (from wandb->nesymres==0.1.1) (6.31.1)
Requirement already satisfied: psutil>=5.0.0 in /home/scur1229/.conda/envs/nesymres/lib/python3.11/site-packages (from wandb->nesymres==0.1.1) (7.0.0)
Requirement already satisfied: pydantic<3 in /home/scur1229/.conda/envs/nesymres/lib/python3.11/site-packages (from wandb->nesymres==0.1.1) (2.11.7)
Requirement already satisfied: requests<3,>=2.0.0 in /home/scur1229/.conda/envs/nesymres/lib/python3.11/site-packages (from wandb->nesymres==0.1.1) (2.32.4)
Requirement already satisfied: sentry-sdk>=2.0.0 in /home/scur1229/.conda/envs/nesymres/lib/python3.11/site-packages (from wandb->nesymres==0.1.1) (2.30.0)
Requirement already satisfied: setproctitle in /home/scur1229/.conda/envs/nesymres/lib/python3.11/site-packages (from wandb->nesymres==0.1.1) (1.3.6)
Requirement already satisfied: annotated-types>=0.6.0 in /home/scur1229/.conda/envs/nesymres/lib/python3.11/site-packages (from pydantic<3->wandb->nesymres==0.1.1) (0.7.0)
Requirement already satisfied: pydantic-core==2.33.2 in /home/scur1229/.conda/envs/nesymres/lib/python3.11/site-packages (from pydantic<3->wandb->nesymres==0.1.1) (2.33.2)
Requirement already satisfied: typing-inspection>=0.4.0 in /home/scur1229/.conda/envs/nesymres/lib/python3.11/site-packages (from pydantic<3->wandb->nesymres==0.1.1) (0.4.1)
Requirement already satisfied: charset_normalizer<4,>=2 in /home/scur1229/.conda/envs/nesymres/lib/python3.11/site-packages (from requests<3,>=2.0.0->wandb->nesymres==0.1.1) (3.4.2)
Requirement already satisfied: urllib3<3,>=1.21.1 in /home/scur1229/.conda/envs/nesymres/lib/python3.11/site-packages (from requests<3,>=2.0.0->wandb->nesymres==0.1.1) (2.5.0)
Requirement already satisfied: certifi>=2017.4.17 in /home/scur1229/.conda/envs/nesymres/lib/python3.11/site-packages (from requests<3,>=2.0.0->wandb->nesymres==0.1.1) (2025.6.15)
Requirement already satisfied: gitdb<5,>=4.0.1 in /home/scur1229/.conda/envs/nesymres/lib/python3.11/site-packages (from gitpython!=3.1.29,>=1.0.0->wandb->nesymres==0.1.1) (4.0.12)
Requirement already satisfied: smmap<6,>=3.0.1 in /home/scur1229/.conda/envs/nesymres/lib/python3.11/site-packages (from gitdb<5,>=4.0.1->gitpython!=3.1.29,>=1.0.0->wandb->nesymres==0.1.1) (5.0.2)
Downloading pytorch_lightning-2.5.2-py3-none-any.whl (825 kB)
   ━━━━━━━━━━━━━━━━━━━━━━━━━━━━━━━━━━━━━━━━ 825.4/825.4 kB 48.3 MB/s eta 0:00:00
Downloading fsspec-2025.5.1-py3-none-any.whl (199 kB)
Downloading aiohttp-3.12.13-cp311-cp311-manylinux_2_17_x86_64.manylinux2014_x86_64.whl (1.7 MB)
   ━━━━━━━━━━━━━━━━━━━━━━━━━━━━━━━━━━━━━━━━ 1.7/1.7 MB 95.6 MB/s eta 0:00:00
Downloading multidict-6.5.0-cp311-cp311-manylinux_2_17_x86_64.manylinux2014_x86_64.whl (231 kB)
Downloading yarl-1.20.1-cp311-cp311-manylinux_2_17_x86_64.manylinux2014_x86_64.whl (348 kB)
Downloading aiohappyeyeballs-2.6.1-py3-none-any.whl (15 kB)
Downloading aiosignal-1.3.2-py2.py3-none-any.whl (7.6 kB)
Downloading attrs-25.3.0-py3-none-any.whl (63 kB)
Downloading frozenlist-1.7.0-cp311-cp311-manylinux_2_5_x86_64.manylinux1_x86_64.manylinux_2_17_x86_64.manylinux2014_x86_64.whl (235 kB)
Downloading lightning_utilities-0.14.3-py3-none-any.whl (28 kB)
Downloading propcache-0.3.2-cp311-cp311-manylinux_2_17_x86_64.manylinux2014_x86_64.whl (213 kB)
Downloading torch-2.7.1-cp311-cp311-manylinux_2_28_x86_64.whl (821.2 MB)
   ━━━━━━━━━━━━━━━━━━━━━━━━━━━━━━━━━━━━━━━━ 821.2/821.2 MB 96.9 MB/s eta 0:00:00
Downloading nvidia_cublas_cu12-12.6.4.1-py3-none-manylinux2014_x86_64.manylinux_2_17_x86_64.whl (393.1 MB)
   ━━━━━━━━━━━━━━━━━━━━━━━━━━━━━━━━━━━━━━━ 393.1/393.1 MB 216.6 MB/s eta 0:00:00
Downloading nvidia_cuda_cupti_cu12-12.6.80-py3-none-manylinux2014_x86_64.manylinux_2_17_x86_64.whl (8.9 MB)
   ━━━━━━━━━━━━━━━━━━━━━━━━━━━━━━━━━━━━━━━━ 8.9/8.9 MB 182.7 MB/s eta 0:00:00
Downloading nvidia_cuda_nvrtc_cu12-12.6.77-py3-none-manylinux2014_x86_64.whl (23.7 MB)
   ━━━━━━━━━━━━━━━━━━━━━━━━━━━━━━━━━━━━━━━━ 23.7/23.7 MB 129.3 MB/s eta 0:00:00
Downloading nvidia_cuda_runtime_cu12-12.6.77-py3-none-manylinux2014_x86_64.manylinux_2_17_x86_64.whl (897 kB)
   ━━━━━━━━━━━━━━━━━━━━━━━━━━━━━━━━━━━━━━━━ 897.7/897.7 kB 75.3 MB/s eta 0:00:00
Downloading nvidia_cudnn_cu12-9.5.1.17-py3-none-manylinux_2_28_x86_64.whl (571.0 MB)
   ━━━━━━━━━━━━━━━━━━━━━━━━━━━━━━━━━━━━━━━ 571.0/571.0 MB 173.8 MB/s eta 0:00:00
Downloading nvidia_cufft_cu12-11.3.0.4-py3-none-manylinux2014_x86_64.manylinux_2_17_x86_64.whl (200.2 MB)
   ━━━━━━━━━━━━━━━━━━━━━━━━━━━━━━━━━━━━━━━ 200.2/200.2 MB 127.7 MB/s eta 0:00:00
Downloading nvidia_cufile_cu12-1.11.1.6-py3-none-manylinux2014_x86_64.manylinux_2_17_x86_64.whl (1.1 MB)
   ━━━━━━━━━━━━━━━━━━━━━━━━━━━━━━━━━━━━━━━━ 1.1/1.1 MB 97.0 MB/s eta 0:00:00
Downloading nvidia_curand_cu12-10.3.7.77-py3-none-manylinux2014_x86_64.manylinux_2_17_x86_64.whl (56.3 MB)
   ━━━━━━━━━━━━━━━━━━━━━━━━━━━━━━━━━━━━━━━━ 56.3/56.3 MB 149.6 MB/s eta 0:00:00
Downloading nvidia_cusolver_cu12-11.7.1.2-py3-none-manylinux2014_x86_64.manylinux_2_17_x86_64.whl (158.2 MB)
   ━━━━━━━━━━━━━━━━━━━━━━━━━━━━━━━━━━━━━━━ 158.2/158.2 MB 191.0 MB/s eta 0:00:00
Downloading nvidia_cusparse_cu12-12.5.4.2-py3-none-manylinux2014_x86_64.manylinux_2_17_x86_64.whl (216.6 MB)
   ━━━━━━━━━━━━━━━━━━━━━━━━━━━━━━━━━━━━━━━ 216.6/216.6 MB 143.1 MB/s eta 0:00:00
Downloading nvidia_cusparselt_cu12-0.6.3-py3-none-manylinux2014_x86_64.whl (156.8 MB)
   ━━━━━━━━━━━━━━━━━━━━━━━━━━━━━━━━━━━━━━━━ 156.8/156.8 MB 95.3 MB/s eta 0:00:00
Downloading nvidia_nccl_cu12-2.26.2-py3-none-manylinux2014_x86_64.manylinux_2_17_x86_64.whl (201.3 MB)
   ━━━━━━━━━━━━━━━━━━━━━━━━━━━━━━━━━━━━━━━ 201.3/201.3 MB 252.9 MB/s eta 0:00:00
Downloading nvidia_nvjitlink_cu12-12.6.85-py3-none-manylinux2010_x86_64.manylinux_2_12_x86_64.whl (19.7 MB)
   ━━━━━━━━━━━━━━━━━━━━━━━━━━━━━━━━━━━━━━━━ 19.7/19.7 MB 111.2 MB/s eta 0:00:00
Downloading nvidia_nvtx_cu12-12.6.77-py3-none-manylinux2014_x86_64.manylinux_2_17_x86_64.whl (89 kB)
Downloading triton-3.3.1-cp311-cp311-manylinux_2_27_x86_64.manylinux_2_28_x86_64.whl (155.7 MB)
   ━━━━━━━━━━━━━━━━━━━━━━━━━━━━━━━━━━━━━━━━ 155.7/155.7 MB 99.4 MB/s eta 0:00:00
Downloading torchmetrics-1.7.3-py3-none-any.whl (962 kB)
   ━━━━━━━━━━━━━━━━━━━━━━━━━━━━━━━━━━━━━━━━ 962.6/962.6 kB 85.7 MB/s eta 0:00:00
Downloading filelock-3.18.0-py3-none-any.whl (16 kB)
Downloading jinja2-3.1.6-py3-none-any.whl (134 kB)
Downloading MarkupSafe-3.0.2-cp311-cp311-manylinux_2_17_x86_64.manylinux2014_x86_64.whl (23 kB)
Downloading networkx-3.5-py3-none-any.whl (2.0 MB)
   ━━━━━━━━━━━━━━━━━━━━━━━━━━━━━━━━━━━━━━━━ 2.0/2.0 MB 125.6 MB/s eta 0:00:00
Building wheels for collected packages: nesymres
  DEPRECATION: Building 'nesymres' using the legacy setup.py bdist_wheel mechanism, which will be removed in a future version. pip 25.3 will enforce this behaviour change. A possible replacement is to use the standardized build interface by setting the `--use-pep517` option, (possibly combined with `--no-build-isolation`), or adding a `pyproject.toml` file to the source tree of 'nesymres'. Discussion can be found at https://github.com/pypa/pip/issues/6334
  Building wheel for nesymres (setup.py): started
  Building wheel for nesymres (setup.py): finished with status 'done'
  Created wheel for nesymres: filename=nesymres-0.1.1-py3-none-any.whl size=1135 sha256=c38aebecbda70b2d007a663ccf635289a58247e441bdee90bf8102554f156681
  Stored in directory: /gpfs/scratch1/nodespecific/gcn4/scur1229.12580108/pip-ephem-wheel-cache-_vw62rd2/wheels/72/e2/4a/9609879cf627f8ff3879d222a5cd52f0a7ba512f09fbe1b4ef
Successfully built nesymres
Installing collected packages: nvidia-cusparselt-cu12, triton, propcache, nvidia-nvtx-cu12, nvidia-nvjitlink-cu12, nvidia-nccl-cu12, nvidia-curand-cu12, nvidia-cufile-cu12, nvidia-cuda-runtime-cu12, nvidia-cuda-nvrtc-cu12, nvidia-cuda-cupti-cu12, nvidia-cublas-cu12, networkx, multidict, MarkupSafe, lightning-utilities, fsspec, frozenlist, filelock, attrs, aiohappyeyeballs, yarl, nvidia-cusparse-cu12, nvidia-cufft-cu12, nvidia-cudnn-cu12, jinja2, aiosignal, nvidia-cusolver-cu12, aiohttp, torch, torchmetrics, pytorch_lightning, nesymres
  Attempting uninstall: nesymres
    Found existing installation: nesymres 0.1.0
    Uninstalling nesymres-0.1.0:
      Successfully uninstalled nesymres-0.1.0

Successfully installed MarkupSafe-3.0.2 aiohappyeyeballs-2.6.1 aiohttp-3.12.13 aiosignal-1.3.2 attrs-25.3.0 filelock-3.18.0 frozenlist-1.7.0 fsspec-2025.5.1 jinja2-3.1.6 lightning-utilities-0.14.3 multidict-6.5.0 nesymres-0.1.1 networkx-3.5 nvidia-cublas-cu12-12.6.4.1 nvidia-cuda-cupti-cu12-12.6.80 nvidia-cuda-nvrtc-cu12-12.6.77 nvidia-cuda-runtime-cu12-12.6.77 nvidia-cudnn-cu12-9.5.1.17 nvidia-cufft-cu12-11.3.0.4 nvidia-cufile-cu12-1.11.1.6 nvidia-curand-cu12-10.3.7.77 nvidia-cusolver-cu12-11.7.1.2 nvidia-cusparse-cu12-12.5.4.2 nvidia-cusparselt-cu12-0.6.3 nvidia-nccl-cu12-2.26.2 nvidia-nvjitlink-cu12-12.6.85 nvidia-nvtx-cu12-12.6.77 propcache-0.3.2 pytorch_lightning-2.5.2 torch-2.7.1 torchmetrics-1.7.3 triton-3.3.1 yarl-1.20.1

JOB STATISTICS
==============
Job ID: 12580108
Cluster: snellius
User/Group: scur1229/scur1229
State: RUNNING
Nodes: 1
Cores per node: 9
CPU Utilized: 00:00:00
CPU Efficiency: 0.00% of 00:13:39 core-walltime
Job Wall-clock time: 00:01:31
Memory Utilized: 0.00 MB
Memory Efficiency: 0.00% of 60.00 GB (60.00 GB/node)
WARNING: Efficiency statistics can only be obtained after the job has ended as seff tool is based on the accounting database data.
