============================================================================================== 
Warning! Mixing Conda and module environments may lead to corruption of the
user environment. 
We do not recommend users mixing those two environments unless absolutely
necessary. Note that 
SURF does not provide any support for Conda environment.
For more information, please refer to our software policy page:
https://servicedesk.surf.nl/wiki/display/WIKI/Software+policy+Snellius#SoftwarepolicySnellius-UseofAnacondaandMinicondaenvironmentsonSnellius 

Remember that many packages have already been installed on the system and can
be loaded using 
the 'module load <package__name>' command. If you are uncertain if a package is
already available 
on the system, please use 'module avail' or 'module spider' to search for it.
============================================================================================== 
Processing /gpfs/home4/scur1229/nesymres/src
  Preparing metadata (setup.py): started
  Preparing metadata (setup.py): finished with status 'done'
Collecting numpy (from nesymres==0.1.1)
  Downloading numpy-1.24.4-cp38-cp38-manylinux_2_17_x86_64.manylinux2014_x86_64.whl.metadata (5.6 kB)
Collecting sympy (from nesymres==0.1.1)
  Downloading sympy-1.13.3-py3-none-any.whl.metadata (12 kB)
Collecting pandas (from nesymres==0.1.1)
  Downloading pandas-2.0.3-cp38-cp38-manylinux_2_17_x86_64.manylinux2014_x86_64.whl.metadata (18 kB)
Collecting click (from nesymres==0.1.1)
  Downloading click-8.1.8-py3-none-any.whl.metadata (2.3 kB)
Collecting tqdm (from nesymres==0.1.1)
  Using cached tqdm-4.67.1-py3-none-any.whl.metadata (57 kB)
Collecting numexpr (from nesymres==0.1.1)
  Downloading numexpr-2.8.6-cp38-cp38-manylinux_2_17_x86_64.manylinux2014_x86_64.whl.metadata (8.0 kB)
Collecting jsons (from nesymres==0.1.1)
  Using cached jsons-1.6.3-py3-none-any.whl.metadata (9.3 kB)
Collecting h5py (from nesymres==0.1.1)
  Downloading h5py-3.11.0-cp38-cp38-manylinux_2_17_x86_64.manylinux2014_x86_64.whl.metadata (2.5 kB)
Collecting scipy (from nesymres==0.1.1)
  Downloading scipy-1.10.1-cp38-cp38-manylinux_2_17_x86_64.manylinux2014_x86_64.whl.metadata (58 kB)
Collecting dataclass_dict_convert (from nesymres==0.1.1)
  Using cached dataclass_dict_convert-1.7.4-py3-none-any.whl.metadata (3.3 kB)
Collecting hydra-core==1.0.0 (from nesymres==0.1.1)
  Using cached hydra_core-1.0.0-py3-none-any.whl.metadata (4.2 kB)
Collecting ordered_set (from nesymres==0.1.1)
  Using cached ordered_set-4.1.0-py3-none-any.whl.metadata (5.3 kB)
Collecting wandb (from nesymres==0.1.1)
  Using cached wandb-0.20.1-py3-none-manylinux_2_17_x86_64.manylinux2014_x86_64.whl.metadata (10 kB)
Collecting torch (from nesymres==0.1.1)
  Downloading torch-2.4.1-cp38-cp38-manylinux1_x86_64.whl.metadata (26 kB)
Collecting pytorch_lightning (from nesymres==0.1.1)
  Downloading pytorch_lightning-2.4.0-py3-none-any.whl.metadata (21 kB)
Collecting omegaconf>=2.0.1 (from hydra-core==1.0.0->nesymres==0.1.1)
  Using cached omegaconf-2.3.0-py3-none-any.whl.metadata (3.9 kB)
Collecting antlr4-python3-runtime==4.8 (from hydra-core==1.0.0->nesymres==0.1.1)
  Using cached antlr4-python3-runtime-4.8.tar.gz (112 kB)
  Preparing metadata (setup.py): started
  Preparing metadata (setup.py): finished with status 'done'
Collecting importlib-resources (from hydra-core==1.0.0->nesymres==0.1.1)
  Downloading importlib_resources-6.4.5-py3-none-any.whl.metadata (4.0 kB)
Collecting python-dateutil (from dataclass_dict_convert->nesymres==0.1.1)
  Using cached python_dateutil-2.9.0.post0-py2.py3-none-any.whl.metadata (8.4 kB)
Collecting stringcase (from dataclass_dict_convert->nesymres==0.1.1)
  Using cached stringcase-1.2.0.tar.gz (3.0 kB)
  Preparing metadata (setup.py): started
  Preparing metadata (setup.py): finished with status 'done'
Collecting typish>=1.9.2 (from jsons->nesymres==0.1.1)
  Using cached typish-1.9.3-py3-none-any.whl.metadata (7.2 kB)
Collecting pytz>=2020.1 (from pandas->nesymres==0.1.1)
  Using cached pytz-2025.2-py2.py3-none-any.whl.metadata (22 kB)
Collecting tzdata>=2022.1 (from pandas->nesymres==0.1.1)
  Using cached tzdata-2025.2-py2.py3-none-any.whl.metadata (1.4 kB)
Collecting PyYAML>=5.4 (from pytorch_lightning->nesymres==0.1.1)
  Downloading PyYAML-6.0.2-cp38-cp38-manylinux_2_17_x86_64.manylinux2014_x86_64.whl.metadata (2.1 kB)
Collecting fsspec>=2022.5.0 (from fsspec[http]>=2022.5.0->pytorch_lightning->nesymres==0.1.1)
  Downloading fsspec-2025.3.0-py3-none-any.whl.metadata (11 kB)
Collecting torchmetrics>=0.7.0 (from pytorch_lightning->nesymres==0.1.1)
  Downloading torchmetrics-1.5.2-py3-none-any.whl.metadata (20 kB)
Collecting packaging>=20.0 (from pytorch_lightning->nesymres==0.1.1)
  Using cached packaging-25.0-py3-none-any.whl.metadata (3.3 kB)
Collecting typing-extensions>=4.4.0 (from pytorch_lightning->nesymres==0.1.1)
  Downloading typing_extensions-4.13.2-py3-none-any.whl.metadata (3.0 kB)
Collecting lightning-utilities>=0.10.0 (from pytorch_lightning->nesymres==0.1.1)
  Downloading lightning_utilities-0.11.9-py3-none-any.whl.metadata (5.2 kB)
Collecting filelock (from torch->nesymres==0.1.1)
  Downloading filelock-3.16.1-py3-none-any.whl.metadata (2.9 kB)
Collecting networkx (from torch->nesymres==0.1.1)
  Downloading networkx-3.1-py3-none-any.whl.metadata (5.3 kB)
Collecting jinja2 (from torch->nesymres==0.1.1)
  Using cached jinja2-3.1.6-py3-none-any.whl.metadata (2.9 kB)
Collecting nvidia-cuda-nvrtc-cu12==12.1.105 (from torch->nesymres==0.1.1)
  Downloading nvidia_cuda_nvrtc_cu12-12.1.105-py3-none-manylinux1_x86_64.whl.metadata (1.5 kB)
Collecting nvidia-cuda-runtime-cu12==12.1.105 (from torch->nesymres==0.1.1)
  Downloading nvidia_cuda_runtime_cu12-12.1.105-py3-none-manylinux1_x86_64.whl.metadata (1.5 kB)
Collecting nvidia-cuda-cupti-cu12==12.1.105 (from torch->nesymres==0.1.1)
  Downloading nvidia_cuda_cupti_cu12-12.1.105-py3-none-manylinux1_x86_64.whl.metadata (1.6 kB)
Collecting nvidia-cudnn-cu12==9.1.0.70 (from torch->nesymres==0.1.1)
  Downloading nvidia_cudnn_cu12-9.1.0.70-py3-none-manylinux2014_x86_64.whl.metadata (1.6 kB)
Collecting nvidia-cublas-cu12==12.1.3.1 (from torch->nesymres==0.1.1)
  Downloading nvidia_cublas_cu12-12.1.3.1-py3-none-manylinux1_x86_64.whl.metadata (1.5 kB)
Collecting nvidia-cufft-cu12==11.0.2.54 (from torch->nesymres==0.1.1)
  Downloading nvidia_cufft_cu12-11.0.2.54-py3-none-manylinux1_x86_64.whl.metadata (1.5 kB)
Collecting nvidia-curand-cu12==10.3.2.106 (from torch->nesymres==0.1.1)
  Downloading nvidia_curand_cu12-10.3.2.106-py3-none-manylinux1_x86_64.whl.metadata (1.5 kB)
Collecting nvidia-cusolver-cu12==11.4.5.107 (from torch->nesymres==0.1.1)
  Downloading nvidia_cusolver_cu12-11.4.5.107-py3-none-manylinux1_x86_64.whl.metadata (1.6 kB)
Collecting nvidia-cusparse-cu12==12.1.0.106 (from torch->nesymres==0.1.1)
  Downloading nvidia_cusparse_cu12-12.1.0.106-py3-none-manylinux1_x86_64.whl.metadata (1.6 kB)
Collecting nvidia-nccl-cu12==2.20.5 (from torch->nesymres==0.1.1)
  Downloading nvidia_nccl_cu12-2.20.5-py3-none-manylinux2014_x86_64.whl.metadata (1.8 kB)
Collecting nvidia-nvtx-cu12==12.1.105 (from torch->nesymres==0.1.1)
  Downloading nvidia_nvtx_cu12-12.1.105-py3-none-manylinux1_x86_64.whl.metadata (1.7 kB)
Collecting triton==3.0.0 (from torch->nesymres==0.1.1)
  Downloading triton-3.0.0-1-cp38-cp38-manylinux2014_x86_64.manylinux_2_17_x86_64.whl.metadata (1.3 kB)
Collecting nvidia-nvjitlink-cu12 (from nvidia-cusolver-cu12==11.4.5.107->torch->nesymres==0.1.1)
  Downloading nvidia_nvjitlink_cu12-12.9.86-py3-none-manylinux2010_x86_64.manylinux_2_12_x86_64.whl.metadata (1.7 kB)
Collecting mpmath<1.4,>=1.1.0 (from sympy->nesymres==0.1.1)
  Using cached mpmath-1.3.0-py3-none-any.whl.metadata (8.6 kB)
Collecting eval-type-backport (from wandb->nesymres==0.1.1)
  Downloading eval_type_backport-0.2.2-py3-none-any.whl.metadata (2.2 kB)
Collecting gitpython!=3.1.29,>=1.0.0 (from wandb->nesymres==0.1.1)
  Using cached GitPython-3.1.44-py3-none-any.whl.metadata (13 kB)
Collecting platformdirs (from wandb->nesymres==0.1.1)
  Downloading platformdirs-4.3.6-py3-none-any.whl.metadata (11 kB)
Collecting protobuf!=4.21.0,!=5.28.0,<7,>=3.12.0 (from wandb->nesymres==0.1.1)
  Downloading protobuf-5.29.5-cp38-abi3-manylinux2014_x86_64.whl.metadata (592 bytes)
Collecting psutil>=5.0.0 (from wandb->nesymres==0.1.1)
  Using cached psutil-7.0.0-cp36-abi3-manylinux_2_12_x86_64.manylinux2010_x86_64.manylinux_2_17_x86_64.manylinux2014_x86_64.whl.metadata (22 kB)
Collecting pydantic<3 (from wandb->nesymres==0.1.1)
  Downloading pydantic-2.10.6-py3-none-any.whl.metadata (30 kB)
Collecting requests<3,>=2.0.0 (from wandb->nesymres==0.1.1)
  Using cached requests-2.32.4-py3-none-any.whl.metadata (4.9 kB)
Collecting sentry-sdk>=2.0.0 (from wandb->nesymres==0.1.1)
  Using cached sentry_sdk-2.30.0-py2.py3-none-any.whl.metadata (10 kB)
Collecting setproctitle (from wandb->nesymres==0.1.1)
  Downloading setproctitle-1.3.6-cp38-cp38-manylinux_2_5_x86_64.manylinux1_x86_64.manylinux_2_17_x86_64.manylinux2014_x86_64.whl.metadata (10 kB)
Collecting aiohttp!=4.0.0a0,!=4.0.0a1 (from fsspec[http]>=2022.5.0->pytorch_lightning->nesymres==0.1.1)
  Downloading aiohttp-3.10.11-cp38-cp38-manylinux_2_17_x86_64.manylinux2014_x86_64.whl.metadata (7.7 kB)
Collecting gitdb<5,>=4.0.1 (from gitpython!=3.1.29,>=1.0.0->wandb->nesymres==0.1.1)
  Using cached gitdb-4.0.12-py3-none-any.whl.metadata (1.2 kB)
Requirement already satisfied: setuptools in /gpfs/home4/scur1229/.conda/envs/nesymres/lib/python3.8/site-packages (from lightning-utilities>=0.10.0->pytorch_lightning->nesymres==0.1.1) (75.1.0)
INFO: pip is looking at multiple versions of omegaconf to determine which version is compatible with other requirements. This could take a while.
Collecting omegaconf>=2.0.1 (from hydra-core==1.0.0->nesymres==0.1.1)
  Using cached omegaconf-2.2.3-py3-none-any.whl.metadata (3.9 kB)
  Using cached omegaconf-2.2.2-py3-none-any.whl.metadata (3.9 kB)
  Using cached omegaconf-2.2.1-py3-none-any.whl.metadata (3.6 kB)
  Using cached omegaconf-2.1.2-py3-none-any.whl.metadata (3.6 kB)
Collecting annotated-types>=0.6.0 (from pydantic<3->wandb->nesymres==0.1.1)
  Using cached annotated_types-0.7.0-py3-none-any.whl.metadata (15 kB)
Collecting pydantic-core==2.27.2 (from pydantic<3->wandb->nesymres==0.1.1)
  Downloading pydantic_core-2.27.2-cp38-cp38-manylinux_2_17_x86_64.manylinux2014_x86_64.whl.metadata (6.6 kB)
Collecting six>=1.5 (from python-dateutil->dataclass_dict_convert->nesymres==0.1.1)
  Using cached six-1.17.0-py2.py3-none-any.whl.metadata (1.7 kB)
Collecting charset_normalizer<4,>=2 (from requests<3,>=2.0.0->wandb->nesymres==0.1.1)
  Downloading charset_normalizer-3.4.2-cp38-cp38-manylinux_2_17_x86_64.manylinux2014_x86_64.whl.metadata (35 kB)
Collecting idna<4,>=2.5 (from requests<3,>=2.0.0->wandb->nesymres==0.1.1)
  Using cached idna-3.10-py3-none-any.whl.metadata (10 kB)
Collecting urllib3<3,>=1.21.1 (from requests<3,>=2.0.0->wandb->nesymres==0.1.1)
  Downloading urllib3-2.2.3-py3-none-any.whl.metadata (6.5 kB)
Collecting certifi>=2017.4.17 (from requests<3,>=2.0.0->wandb->nesymres==0.1.1)
  Using cached certifi-2025.6.15-py3-none-any.whl.metadata (2.4 kB)
Collecting zipp>=3.1.0 (from importlib-resources->hydra-core==1.0.0->nesymres==0.1.1)
  Downloading zipp-3.20.2-py3-none-any.whl.metadata (3.7 kB)
Collecting MarkupSafe>=2.0 (from jinja2->torch->nesymres==0.1.1)
  Downloading MarkupSafe-2.1.5-cp38-cp38-manylinux_2_17_x86_64.manylinux2014_x86_64.whl.metadata (3.0 kB)
Collecting aiohappyeyeballs>=2.3.0 (from aiohttp!=4.0.0a0,!=4.0.0a1->fsspec[http]>=2022.5.0->pytorch_lightning->nesymres==0.1.1)
  Downloading aiohappyeyeballs-2.4.4-py3-none-any.whl.metadata (6.1 kB)
Collecting aiosignal>=1.1.2 (from aiohttp!=4.0.0a0,!=4.0.0a1->fsspec[http]>=2022.5.0->pytorch_lightning->nesymres==0.1.1)
  Downloading aiosignal-1.3.1-py3-none-any.whl.metadata (4.0 kB)
Collecting attrs>=17.3.0 (from aiohttp!=4.0.0a0,!=4.0.0a1->fsspec[http]>=2022.5.0->pytorch_lightning->nesymres==0.1.1)
  Using cached attrs-25.3.0-py3-none-any.whl.metadata (10 kB)
Collecting frozenlist>=1.1.1 (from aiohttp!=4.0.0a0,!=4.0.0a1->fsspec[http]>=2022.5.0->pytorch_lightning->nesymres==0.1.1)
  Downloading frozenlist-1.5.0-cp38-cp38-manylinux_2_5_x86_64.manylinux1_x86_64.manylinux_2_17_x86_64.manylinux2014_x86_64.whl.metadata (13 kB)
Collecting multidict<7.0,>=4.5 (from aiohttp!=4.0.0a0,!=4.0.0a1->fsspec[http]>=2022.5.0->pytorch_lightning->nesymres==0.1.1)
  Downloading multidict-6.1.0-cp38-cp38-manylinux_2_17_x86_64.manylinux2014_x86_64.whl.metadata (5.0 kB)
Collecting yarl<2.0,>=1.12.0 (from aiohttp!=4.0.0a0,!=4.0.0a1->fsspec[http]>=2022.5.0->pytorch_lightning->nesymres==0.1.1)
  Downloading yarl-1.15.2-cp38-cp38-manylinux_2_17_x86_64.manylinux2014_x86_64.whl.metadata (56 kB)
Collecting async-timeout<6.0,>=4.0 (from aiohttp!=4.0.0a0,!=4.0.0a1->fsspec[http]>=2022.5.0->pytorch_lightning->nesymres==0.1.1)
  Downloading async_timeout-5.0.1-py3-none-any.whl.metadata (5.1 kB)
Collecting smmap<6,>=3.0.1 (from gitdb<5,>=4.0.1->gitpython!=3.1.29,>=1.0.0->wandb->nesymres==0.1.1)
  Using cached smmap-5.0.2-py3-none-any.whl.metadata (4.3 kB)
Collecting propcache>=0.2.0 (from yarl<2.0,>=1.12.0->aiohttp!=4.0.0a0,!=4.0.0a1->fsspec[http]>=2022.5.0->pytorch_lightning->nesymres==0.1.1)
  Downloading propcache-0.2.0-cp38-cp38-manylinux_2_17_x86_64.manylinux2014_x86_64.whl.metadata (7.7 kB)
Using cached hydra_core-1.0.0-py3-none-any.whl (120 kB)
Downloading click-8.1.8-py3-none-any.whl (98 kB)
Using cached dataclass_dict_convert-1.7.4-py3-none-any.whl (15 kB)
Downloading h5py-3.11.0-cp38-cp38-manylinux_2_17_x86_64.manylinux2014_x86_64.whl (5.3 MB)
   ━━━━━━━━━━━━━━━━━━━━━━━━━━━━━━━━━━━━━━━━ 5.3/5.3 MB 176.3 MB/s eta 0:00:00
Downloading numpy-1.24.4-cp38-cp38-manylinux_2_17_x86_64.manylinux2014_x86_64.whl (17.3 MB)
   ━━━━━━━━━━━━━━━━━━━━━━━━━━━━━━━━━━━━━━━━ 17.3/17.3 MB 104.3 MB/s eta 0:00:00
Using cached jsons-1.6.3-py3-none-any.whl (60 kB)
Downloading numexpr-2.8.6-cp38-cp38-manylinux_2_17_x86_64.manylinux2014_x86_64.whl (384 kB)
Using cached ordered_set-4.1.0-py3-none-any.whl (7.6 kB)
Downloading pandas-2.0.3-cp38-cp38-manylinux_2_17_x86_64.manylinux2014_x86_64.whl (12.4 MB)
   ━━━━━━━━━━━━━━━━━━━━━━━━━━━━━━━━━━━━━━━━ 12.4/12.4 MB 225.4 MB/s eta 0:00:00
Downloading pytorch_lightning-2.4.0-py3-none-any.whl (815 kB)
   ━━━━━━━━━━━━━━━━━━━━━━━━━━━━━━━━━━━━━━━━ 815.2/815.2 kB 62.3 MB/s eta 0:00:00
Downloading torch-2.4.1-cp38-cp38-manylinux1_x86_64.whl (797.1 MB)
   ━━━━━━━━━━━━━━━━━━━━━━━━━━━━━━━━━━━━━━━━ 797.1/797.1 MB 83.2 MB/s eta 0:00:00
Downloading nvidia_cublas_cu12-12.1.3.1-py3-none-manylinux1_x86_64.whl (410.6 MB)
   ━━━━━━━━━━━━━━━━━━━━━━━━━━━━━━━━━━━━━━━ 410.6/410.6 MB 123.8 MB/s eta 0:00:00
Downloading nvidia_cuda_cupti_cu12-12.1.105-py3-none-manylinux1_x86_64.whl (14.1 MB)
   ━━━━━━━━━━━━━━━━━━━━━━━━━━━━━━━━━━━━━━━━ 14.1/14.1 MB 253.8 MB/s eta 0:00:00
Downloading nvidia_cuda_nvrtc_cu12-12.1.105-py3-none-manylinux1_x86_64.whl (23.7 MB)
   ━━━━━━━━━━━━━━━━━━━━━━━━━━━━━━━━━━━━━━━━ 23.7/23.7 MB 144.5 MB/s eta 0:00:00
Downloading nvidia_cuda_runtime_cu12-12.1.105-py3-none-manylinux1_x86_64.whl (823 kB)
   ━━━━━━━━━━━━━━━━━━━━━━━━━━━━━━━━━━━━━━━━ 823.6/823.6 kB 63.6 MB/s eta 0:00:00
Downloading nvidia_cudnn_cu12-9.1.0.70-py3-none-manylinux2014_x86_64.whl (664.8 MB)
   ━━━━━━━━━━━━━━━━━━━━━━━━━━━━━━━━━━━━━━━ 664.8/664.8 MB 143.2 MB/s eta 0:00:00
Downloading nvidia_cufft_cu12-11.0.2.54-py3-none-manylinux1_x86_64.whl (121.6 MB)
   ━━━━━━━━━━━━━━━━━━━━━━━━━━━━━━━━━━━━━━━ 121.6/121.6 MB 191.3 MB/s eta 0:00:00
Downloading nvidia_curand_cu12-10.3.2.106-py3-none-manylinux1_x86_64.whl (56.5 MB)
   ━━━━━━━━━━━━━━━━━━━━━━━━━━━━━━━━━━━━━━━━ 56.5/56.5 MB 197.7 MB/s eta 0:00:00
Downloading nvidia_cusolver_cu12-11.4.5.107-py3-none-manylinux1_x86_64.whl (124.2 MB)
   ━━━━━━━━━━━━━━━━━━━━━━━━━━━━━━━━━━━━━━━ 124.2/124.2 MB 113.2 MB/s eta 0:00:00
Downloading nvidia_cusparse_cu12-12.1.0.106-py3-none-manylinux1_x86_64.whl (196.0 MB)
   ━━━━━━━━━━━━━━━━━━━━━━━━━━━━━━━━━━━━━━━ 196.0/196.0 MB 150.4 MB/s eta 0:00:00
Downloading nvidia_nccl_cu12-2.20.5-py3-none-manylinux2014_x86_64.whl (176.2 MB)
   ━━━━━━━━━━━━━━━━━━━━━━━━━━━━━━━━━━━━━━━ 176.2/176.2 MB 107.7 MB/s eta 0:00:00
Downloading nvidia_nvtx_cu12-12.1.105-py3-none-manylinux1_x86_64.whl (99 kB)
Downloading triton-3.0.0-1-cp38-cp38-manylinux2014_x86_64.manylinux_2_17_x86_64.whl (209.4 MB)
   ━━━━━━━━━━━━━━━━━━━━━━━━━━━━━━━━━━━━━━━ 209.4/209.4 MB 229.6 MB/s eta 0:00:00
Using cached tqdm-4.67.1-py3-none-any.whl (78 kB)
Downloading scipy-1.10.1-cp38-cp38-manylinux_2_17_x86_64.manylinux2014_x86_64.whl (34.5 MB)
   ━━━━━━━━━━━━━━━━━━━━━━━━━━━━━━━━━━━━━━━━ 34.5/34.5 MB 63.2 MB/s eta 0:00:00
Downloading sympy-1.13.3-py3-none-any.whl (6.2 MB)
   ━━━━━━━━━━━━━━━━━━━━━━━━━━━━━━━━━━━━━━━━ 6.2/6.2 MB 107.1 MB/s eta 0:00:00
Using cached wandb-0.20.1-py3-none-manylinux_2_17_x86_64.manylinux2014_x86_64.whl (23.2 MB)
Downloading fsspec-2025.3.0-py3-none-any.whl (193 kB)
Using cached GitPython-3.1.44-py3-none-any.whl (207 kB)
Downloading lightning_utilities-0.11.9-py3-none-any.whl (28 kB)
Using cached mpmath-1.3.0-py3-none-any.whl (536 kB)
Using cached omegaconf-2.1.2-py3-none-any.whl (74 kB)
Using cached packaging-25.0-py3-none-any.whl (66 kB)
Downloading protobuf-5.29.5-cp38-abi3-manylinux2014_x86_64.whl (319 kB)
Using cached psutil-7.0.0-cp36-abi3-manylinux_2_12_x86_64.manylinux2010_x86_64.manylinux_2_17_x86_64.manylinux2014_x86_64.whl (277 kB)
Downloading pydantic-2.10.6-py3-none-any.whl (431 kB)
Downloading pydantic_core-2.27.2-cp38-cp38-manylinux_2_17_x86_64.manylinux2014_x86_64.whl (2.0 MB)
   ━━━━━━━━━━━━━━━━━━━━━━━━━━━━━━━━━━━━━━━━ 2.0/2.0 MB 108.1 MB/s eta 0:00:00
Using cached python_dateutil-2.9.0.post0-py2.py3-none-any.whl (229 kB)
Using cached pytz-2025.2-py2.py3-none-any.whl (509 kB)
Downloading PyYAML-6.0.2-cp38-cp38-manylinux_2_17_x86_64.manylinux2014_x86_64.whl (746 kB)
   ━━━━━━━━━━━━━━━━━━━━━━━━━━━━━━━━━━━━━━━━ 746.5/746.5 kB 65.5 MB/s eta 0:00:00
Using cached requests-2.32.4-py3-none-any.whl (64 kB)
Using cached sentry_sdk-2.30.0-py2.py3-none-any.whl (343 kB)
Downloading torchmetrics-1.5.2-py3-none-any.whl (891 kB)
   ━━━━━━━━━━━━━━━━━━━━━━━━━━━━━━━━━━━━━━━━ 891.4/891.4 kB 81.2 MB/s eta 0:00:00
Downloading typing_extensions-4.13.2-py3-none-any.whl (45 kB)
Using cached typish-1.9.3-py3-none-any.whl (45 kB)
Using cached tzdata-2025.2-py2.py3-none-any.whl (347 kB)
Downloading eval_type_backport-0.2.2-py3-none-any.whl (5.8 kB)
Downloading filelock-3.16.1-py3-none-any.whl (16 kB)
Downloading importlib_resources-6.4.5-py3-none-any.whl (36 kB)
Using cached jinja2-3.1.6-py3-none-any.whl (134 kB)
Downloading networkx-3.1-py3-none-any.whl (2.1 MB)
   ━━━━━━━━━━━━━━━━━━━━━━━━━━━━━━━━━━━━━━━━ 2.1/2.1 MB 162.4 MB/s eta 0:00:00
Downloading platformdirs-4.3.6-py3-none-any.whl (18 kB)
Downloading setproctitle-1.3.6-cp38-cp38-manylinux_2_5_x86_64.manylinux1_x86_64.manylinux_2_17_x86_64.manylinux2014_x86_64.whl (31 kB)
Downloading aiohttp-3.10.11-cp38-cp38-manylinux_2_17_x86_64.manylinux2014_x86_64.whl (1.3 MB)
   ━━━━━━━━━━━━━━━━━━━━━━━━━━━━━━━━━━━━━━━━ 1.3/1.3 MB 99.7 MB/s eta 0:00:00
Using cached annotated_types-0.7.0-py3-none-any.whl (13 kB)
Using cached certifi-2025.6.15-py3-none-any.whl (157 kB)
Downloading charset_normalizer-3.4.2-cp38-cp38-manylinux_2_17_x86_64.manylinux2014_x86_64.whl (147 kB)
Using cached gitdb-4.0.12-py3-none-any.whl (62 kB)
Using cached idna-3.10-py3-none-any.whl (70 kB)
Downloading MarkupSafe-2.1.5-cp38-cp38-manylinux_2_17_x86_64.manylinux2014_x86_64.whl (26 kB)
Using cached six-1.17.0-py2.py3-none-any.whl (11 kB)
Downloading urllib3-2.2.3-py3-none-any.whl (126 kB)
Downloading zipp-3.20.2-py3-none-any.whl (9.2 kB)
Downloading nvidia_nvjitlink_cu12-12.9.86-py3-none-manylinux2010_x86_64.manylinux_2_12_x86_64.whl (39.7 MB)
   ━━━━━━━━━━━━━━━━━━━━━━━━━━━━━━━━━━━━━━━━ 39.7/39.7 MB 103.0 MB/s eta 0:00:00
Downloading aiohappyeyeballs-2.4.4-py3-none-any.whl (14 kB)
Downloading aiosignal-1.3.1-py3-none-any.whl (7.6 kB)
Downloading async_timeout-5.0.1-py3-none-any.whl (6.2 kB)
Using cached attrs-25.3.0-py3-none-any.whl (63 kB)
Downloading frozenlist-1.5.0-cp38-cp38-manylinux_2_5_x86_64.manylinux1_x86_64.manylinux_2_17_x86_64.manylinux2014_x86_64.whl (243 kB)
Downloading multidict-6.1.0-cp38-cp38-manylinux_2_17_x86_64.manylinux2014_x86_64.whl (129 kB)
Using cached smmap-5.0.2-py3-none-any.whl (24 kB)
Downloading yarl-1.15.2-cp38-cp38-manylinux_2_17_x86_64.manylinux2014_x86_64.whl (319 kB)
Downloading propcache-0.2.0-cp38-cp38-manylinux_2_17_x86_64.manylinux2014_x86_64.whl (213 kB)
Building wheels for collected packages: nesymres, antlr4-python3-runtime, stringcase
  Building wheel for nesymres (setup.py): started
  Building wheel for nesymres (setup.py): finished with status 'done'
  Created wheel for nesymres: filename=nesymres-0.1.1-py3-none-any.whl size=1114 sha256=04fe4d24829c1a3ece4dd095bb8a9321b5552a669b09b323adf7367fa2a716fc
  Stored in directory: /gpfs/scratch1/nodespecific/gcn2/scur1229.12581117/pip-ephem-wheel-cache-grrnigju/wheels/4c/73/dc/4ae24f6a3174db5626b2514b6ccab3ef3fc3695e5927fba7c3
  Building wheel for antlr4-python3-runtime (setup.py): started
  Building wheel for antlr4-python3-runtime (setup.py): finished with status 'done'
  Created wheel for antlr4-python3-runtime: filename=antlr4_python3_runtime-4.8-py3-none-any.whl size=141214 sha256=ae9de5c04c5dc9e68d51cd2e6da5af76d275876722f39afbfe9f558a4a40261c
  Stored in directory: /gpfs/home4/scur1229/.cache/pip/wheels/c8/d0/ab/d43c02eaddc5b9004db86950802442ad9a26f279c619e28da0
  Building wheel for stringcase (setup.py): started
  Building wheel for stringcase (setup.py): finished with status 'done'
  Created wheel for stringcase: filename=stringcase-1.2.0-py3-none-any.whl size=3568 sha256=c9c94377ad40e17eedfea231e6361698c082c9fe253a34bd6a0872d184a396cb
  Stored in directory: /gpfs/home4/scur1229/.cache/pip/wheels/04/0e/31/bf265c64f2a4d24516e9923f1f6293c3bcbcde75e0d80ab47a
Successfully built nesymres antlr4-python3-runtime stringcase
Installing collected packages: typish, stringcase, pytz, mpmath, antlr4-python3-runtime, zipp, urllib3, tzdata, typing-extensions, tqdm, sympy, smmap, six, setproctitle, PyYAML, psutil, protobuf, propcache, platformdirs, packaging, ordered_set, nvidia-nvtx-cu12, nvidia-nvjitlink-cu12, nvidia-nccl-cu12, nvidia-curand-cu12, nvidia-cufft-cu12, nvidia-cuda-runtime-cu12, nvidia-cuda-nvrtc-cu12, nvidia-cuda-cupti-cu12, nvidia-cublas-cu12, numpy, networkx, MarkupSafe, jsons, idna, fsspec, frozenlist, filelock, eval-type-backport, click, charset_normalizer, certifi, attrs, async-timeout, aiohappyeyeballs, triton, sentry-sdk, scipy, requests, python-dateutil, pydantic-core, omegaconf, nvidia-cusparse-cu12, nvidia-cudnn-cu12, numexpr, multidict, lightning-utilities, jinja2, importlib-resources, h5py, gitdb, annotated-types, aiosignal, yarl, pydantic, pandas, nvidia-cusolver-cu12, hydra-core, gitpython, dataclass_dict_convert, wandb, torch, aiohttp, torchmetrics, pytorch_lightning, nesymres
Successfully installed MarkupSafe-2.1.5 PyYAML-6.0.2 aiohappyeyeballs-2.4.4 aiohttp-3.10.11 aiosignal-1.3.1 annotated-types-0.7.0 antlr4-python3-runtime-4.8 async-timeout-5.0.1 attrs-25.3.0 certifi-2025.6.15 charset_normalizer-3.4.2 click-8.1.8 dataclass_dict_convert-1.7.4 eval-type-backport-0.2.2 filelock-3.16.1 frozenlist-1.5.0 fsspec-2025.3.0 gitdb-4.0.12 gitpython-3.1.44 h5py-3.11.0 hydra-core-1.0.0 idna-3.10 importlib-resources-6.4.5 jinja2-3.1.6 jsons-1.6.3 lightning-utilities-0.11.9 mpmath-1.3.0 multidict-6.1.0 nesymres-0.1.1 networkx-3.1 numexpr-2.8.6 numpy-1.24.4 nvidia-cublas-cu12-12.1.3.1 nvidia-cuda-cupti-cu12-12.1.105 nvidia-cuda-nvrtc-cu12-12.1.105 nvidia-cuda-runtime-cu12-12.1.105 nvidia-cudnn-cu12-9.1.0.70 nvidia-cufft-cu12-11.0.2.54 nvidia-curand-cu12-10.3.2.106 nvidia-cusolver-cu12-11.4.5.107 nvidia-cusparse-cu12-12.1.0.106 nvidia-nccl-cu12-2.20.5 nvidia-nvjitlink-cu12-12.9.86 nvidia-nvtx-cu12-12.1.105 omegaconf-2.1.2 ordered_set-4.1.0 packaging-25.0 pandas-2.0.3 platformdirs-4.3.6 propcache-0.2.0 protobuf-5.29.5 psutil-7.0.0 pydantic-2.10.6 pydantic-core-2.27.2 python-dateutil-2.9.0.post0 pytorch_lightning-2.4.0 pytz-2025.2 requests-2.32.4 scipy-1.10.1 sentry-sdk-2.30.0 setproctitle-1.3.6 six-1.17.0 smmap-5.0.2 stringcase-1.2.0 sympy-1.13.3 torch-2.4.1 torchmetrics-1.5.2 tqdm-4.67.1 triton-3.0.0 typing-extensions-4.13.2 typish-1.9.3 tzdata-2025.2 urllib3-2.2.3 wandb-0.20.1 yarl-1.15.2 zipp-3.20.2

JOB STATISTICS
==============
Job ID: 12581117
Cluster: snellius
User/Group: scur1229/scur1229
State: RUNNING
Nodes: 1
Cores per node: 9
CPU Utilized: 00:00:00
CPU Efficiency: 0.00% of 00:17:42 core-walltime
Job Wall-clock time: 00:01:58
Memory Utilized: 0.00 MB
Memory Efficiency: 0.00% of 60.00 GB (60.00 GB/node)
WARNING: Efficiency statistics can only be obtained after the job has ended as seff tool is based on the accounting database data.
